#-----------------------------------------------------------
# Vivado v2016.1 (64-bit)
# SW Build 1538259 on Fri Apr  8 15:45:27 MDT 2016
# IP Build 1537824 on Fri Apr  8 04:28:57 MDT 2016
# Start of session at: Tue Mar 21 18:02:11 2017
# Process ID: 7712
# Current directory: D:/Paul/Desktop/ANPPV_RISC/ANPPV_RISC_PipelinedProcessor
# Command line: vivado.exe -gui_launcher_event rodinguilauncherevent8320 D:\Paul\Desktop\ANPPV_RISC\ANPPV_RISC_PipelinedProcessor\ANPPV_RISC_Pipelned_Processor.xpr
# Log file: D:/Paul/Desktop/ANPPV_RISC/ANPPV_RISC_PipelinedProcessor/vivado.log
# Journal file: D:/Paul/Desktop/ANPPV_RISC/ANPPV_RISC_PipelinedProcessor\vivado.jou
#-----------------------------------------------------------
start_gui
open_project D:/Paul/Desktop/ANPPV_RISC/ANPPV_RISC_PipelinedProcessor/ANPPV_RISC_Pipelned_Processor.xpr
Scanning sources...
Finished scanning sources
INFO: [IP_Flow 19-234] Refreshing IP repositories
INFO: [IP_Flow 19-1704] No user IP repositories specified
INFO: [IP_Flow 19-2313] Loaded Vivado IP repository 'D:/Xilinx/Vivado/2016.1/data/ip'.
update_compile_order -fileset sources_1
exit
INFO: [Common 17-206] Exiting Vivado at Wed Mar 22 10:04:36 2017...
