INFO: [VRFC 10-2263] Analyzing Verilog file "C:/Xilinx/New Folder/pipelined/Working 11-7-2016/Working 11-7-2016.sim/sim_1/impl/timing/TopModule_time_impl.v" into library xil_defaultlib
INFO: [VRFC 10-311] analyzing module RAM64M_UNIQ_BASE_
INFO: [VRFC 10-311] analyzing module RAM64M_HD1
INFO: [VRFC 10-311] analyzing module RAM64M_HD11
INFO: [VRFC 10-311] analyzing module RAM64M_HD12
INFO: [VRFC 10-311] analyzing module RAM64M_HD15
INFO: [VRFC 10-311] analyzing module RAM64M_HD16
INFO: [VRFC 10-311] analyzing module RAM64M_HD19
INFO: [VRFC 10-311] analyzing module RAM64M_HD20
INFO: [VRFC 10-311] analyzing module RAM64M_HD23
INFO: [VRFC 10-311] analyzing module RAM64M_HD24
INFO: [VRFC 10-311] analyzing module RAM64M_HD27
INFO: [VRFC 10-311] analyzing module RAM64M_HD28
INFO: [VRFC 10-311] analyzing module RAM64M_HD3
INFO: [VRFC 10-311] analyzing module RAM64M_HD4
INFO: [VRFC 10-311] analyzing module RAM64M_HD7
INFO: [VRFC 10-311] analyzing module RAM64M_HD8
INFO: [VRFC 10-311] analyzing module RAM64X1D_UNIQ_BASE_
INFO: [VRFC 10-311] analyzing module RAM64X1D_HD10
INFO: [VRFC 10-311] analyzing module RAM64X1D_HD13
INFO: [VRFC 10-311] analyzing module RAM64X1D_HD14
INFO: [VRFC 10-311] analyzing module RAM64X1D_HD17
INFO: [VRFC 10-311] analyzing module RAM64X1D_HD18
INFO: [VRFC 10-311] analyzing module RAM64X1D_HD2
INFO: [VRFC 10-311] analyzing module RAM64X1D_HD21
INFO: [VRFC 10-311] analyzing module RAM64X1D_HD22
INFO: [VRFC 10-311] analyzing module RAM64X1D_HD25
INFO: [VRFC 10-311] analyzing module RAM64X1D_HD26
INFO: [VRFC 10-311] analyzing module RAM64X1D_HD29
INFO: [VRFC 10-311] analyzing module RAM64X1D_HD30
INFO: [VRFC 10-311] analyzing module RAM64X1D_HD5
INFO: [VRFC 10-311] analyzing module RAM64X1D_HD6
INFO: [VRFC 10-311] analyzing module RAM64X1D_HD9
INFO: [VRFC 10-311] analyzing module ALUModule
INFO: [VRFC 10-311] analyzing module ALUbasic
INFO: [VRFC 10-311] analyzing module AddressSelector1
INFO: [VRFC 10-311] analyzing module AddressSelector2
INFO: [VRFC 10-311] analyzing module Bubble
INFO: [VRFC 10-311] analyzing module Buffer1
INFO: [VRFC 10-311] analyzing module Buffer2
INFO: [VRFC 10-311] analyzing module Buffer3
INFO: [VRFC 10-311] analyzing module ConditionalBranch
INFO: [VRFC 10-311] analyzing module ControlCodeGenerator1Async
INFO: [VRFC 10-311] analyzing module ControlCodeGenerator2
INFO: [VRFC 10-311] analyzing module ControlCodeGenerator3
INFO: [VRFC 10-311] analyzing module ControlCodeGenerator4
INFO: [VRFC 10-311] analyzing module FlagRegister
INFO: [VRFC 10-311] analyzing module Io_GPIB
INFO: [VRFC 10-311] analyzing module MultiPortMem
INFO: [VRFC 10-311] analyzing module OperandDecode1
INFO: [VRFC 10-311] analyzing module OperandDecode2
INFO: [VRFC 10-311] analyzing module ProgramCounter
INFO: [VRFC 10-311] analyzing module RegisterArray
INFO: [VRFC 10-311] analyzing module RegisterFlags
INFO: [VRFC 10-311] analyzing module StackPointer
INFO: [VRFC 10-311] analyzing module TopModule
INFO: [VRFC 10-311] analyzing module WBModule
INFO: [VRFC 10-311] analyzing module glbl
