INFO: [VRFC 10-2263] Analyzing Verilog file "F:/VHDL/Pipeline Processor Code/8-7-16 V2/8-7-16 V2.sim/sim_1/synth/timing/TopModule_time_synth.v" into library xil_defaultlib
INFO: [VRFC 10-311] analyzing module RAM64M_UNIQ_BASE_
INFO: [VRFC 10-311] analyzing module RAM64M_HD31
INFO: [VRFC 10-311] analyzing module RAM64M_HD33
INFO: [VRFC 10-311] analyzing module RAM64M_HD34
INFO: [VRFC 10-311] analyzing module RAM64M_HD37
INFO: [VRFC 10-311] analyzing module RAM64M_HD38
INFO: [VRFC 10-311] analyzing module RAM64M_HD41
INFO: [VRFC 10-311] analyzing module RAM64M_HD42
INFO: [VRFC 10-311] analyzing module RAM64M_HD45
INFO: [VRFC 10-311] analyzing module RAM64M_HD46
INFO: [VRFC 10-311] analyzing module RAM64M_HD49
INFO: [VRFC 10-311] analyzing module RAM64M_HD50
INFO: [VRFC 10-311] analyzing module RAM64M_HD53
INFO: [VRFC 10-311] analyzing module RAM64M_HD54
INFO: [VRFC 10-311] analyzing module RAM64M_HD57
INFO: [VRFC 10-311] analyzing module RAM64M_HD58
INFO: [VRFC 10-311] analyzing module RAM64X1D_UNIQ_BASE_
INFO: [VRFC 10-311] analyzing module RAM64X1D_HD32
INFO: [VRFC 10-311] analyzing module RAM64X1D_HD35
INFO: [VRFC 10-311] analyzing module RAM64X1D_HD36
INFO: [VRFC 10-311] analyzing module RAM64X1D_HD39
INFO: [VRFC 10-311] analyzing module RAM64X1D_HD40
INFO: [VRFC 10-311] analyzing module RAM64X1D_HD43
INFO: [VRFC 10-311] analyzing module RAM64X1D_HD44
INFO: [VRFC 10-311] analyzing module RAM64X1D_HD47
INFO: [VRFC 10-311] analyzing module RAM64X1D_HD48
INFO: [VRFC 10-311] analyzing module RAM64X1D_HD51
INFO: [VRFC 10-311] analyzing module RAM64X1D_HD52
INFO: [VRFC 10-311] analyzing module RAM64X1D_HD55
INFO: [VRFC 10-311] analyzing module RAM64X1D_HD56
INFO: [VRFC 10-311] analyzing module RAM64X1D_HD59
INFO: [VRFC 10-311] analyzing module RAM64X1D_HD60
INFO: [VRFC 10-311] analyzing module ALUModule
INFO: [VRFC 10-311] analyzing module ALUbasic
INFO: [VRFC 10-311] analyzing module AddressSelector1
INFO: [VRFC 10-311] analyzing module Bubble
INFO: [VRFC 10-311] analyzing module Buffer1
INFO: [VRFC 10-311] analyzing module Buffer2
INFO: [VRFC 10-311] analyzing module ConditionalBranch
INFO: [VRFC 10-311] analyzing module ControlCodeGenerator1Async
INFO: [VRFC 10-311] analyzing module ControlCodeGenerator2
INFO: [VRFC 10-311] analyzing module ControlCodeGenerator3
INFO: [VRFC 10-311] analyzing module FlagRegister
INFO: [VRFC 10-311] analyzing module IR
INFO: [VRFC 10-311] analyzing module Io_GPIB
INFO: [VRFC 10-311] analyzing module MultiPortMem
INFO: [VRFC 10-311] analyzing module OperandDecode1
INFO: [VRFC 10-311] analyzing module ProgramCounter
INFO: [VRFC 10-311] analyzing module RegisterArray
INFO: [VRFC 10-311] analyzing module StackPointer
INFO: [VRFC 10-311] analyzing module TopModule
INFO: [VRFC 10-311] analyzing module glbl
